1,10c1,10
< 4300-8.txt: 4300-8.txt: 1 pg-ulysses.txt
< 4300-8.zip: 4300-8.zip: 1 pg-ulysses.txt
< 4700: 4700: 1 pg-sherlock_holmes.txt
< 5000: 5000: 1 pg-ulysses.txt
< 5200.txt: 5200.txt: 1 pg-metamorphosis.txt
< 5200.zip: 5200.zip: 1 pg-metamorphosis.txt
< 5427: 5427: 1 pg-ulysses.txt
< 6617,: 6617,: 1 pg-ulysses.txt
< 8000: 8000: 1 pg-ulysses.txt
< 10000: 10000: 1 pg-ulysses.txt
---
> women: 15 pg-being_ernest.txt,pg-dorian_gray.txt,pg-dracula.txt,pg-emma.txt,pg-frankenstein.txt,pg-great_expectations.txt,pg-huckleberry_finn.txt,pg-les_miserables.txt,pg-metamorphosis.txt,pg-moby_dick.txt,pg-sherlock_holmes.txt,pg-tale_of_two_cities.txt,pg-tom_sawyer.txt,pg-ulysses.txt,pg-war_and_peace.txt
> won: 15 pg-being_ernest.txt,pg-dorian_gray.txt,pg-dracula.txt,pg-frankenstein.txt,pg-great_expectations.txt,pg-grimm.txt,pg-huckleberry_finn.txt,pg-les_miserables.txt,pg-metamorphosis.txt,pg-moby_dick.txt,pg-sherlock_holmes.txt,pg-tale_of_two_cities.txt,pg-tom_sawyer.txt,pg-ulysses.txt,pg-war_and_peace.txt
> wonderful: 15 pg-being_ernest.txt,pg-dorian_gray.txt,pg-dracula.txt,pg-emma.txt,pg-frankenstein.txt,pg-great_expectations.txt,pg-grimm.txt,pg-huckleberry_finn.txt,pg-les_miserables.txt,pg-moby_dick.txt,pg-sherlock_holmes.txt,pg-tale_of_two_cities.txt,pg-tom_sawyer.txt,pg-ulysses.txt,pg-war_and_peace.txt
> words: 15 pg-dorian_gray.txt,pg-dracula.txt,pg-emma.txt,pg-frankenstein.txt,pg-great_expectations.txt,pg-grimm.txt,pg-huckleberry_finn.txt,pg-les_miserables.txt,pg-metamorphosis.txt,pg-moby_dick.txt,pg-sherlock_holmes.txt,pg-tale_of_two_cities.txt,pg-tom_sawyer.txt,pg-ulysses.txt,pg-war_and_peace.txt
> worked: 15 pg-dorian_gray.txt,pg-dracula.txt,pg-emma.txt,pg-frankenstein.txt,pg-great_expectations.txt,pg-grimm.txt,pg-huckleberry_finn.txt,pg-les_miserables.txt,pg-metamorphosis.txt,pg-moby_dick.txt,pg-sherlock_holmes.txt,pg-tale_of_two_cities.txt,pg-tom_sawyer.txt,pg-ulysses.txt,pg-war_and_peace.txt
> worse: 15 pg-being_ernest.txt,pg-dorian_gray.txt,pg-dracula.txt,pg-emma.txt,pg-frankenstein.txt,pg-great_expectations.txt,pg-grimm.txt,pg-huckleberry_finn.txt,pg-les_miserables.txt,pg-moby_dick.txt,pg-sherlock_holmes.txt,pg-tale_of_two_cities.txt,pg-tom_sawyer.txt,pg-ulysses.txt,pg-war_and_peace.txt
> wounded: 15 pg-being_ernest.txt,pg-dorian_gray.txt,pg-dracula.txt,pg-emma.txt,pg-frankenstein.txt,pg-great_expectations.txt,pg-grimm.txt,pg-huckleberry_finn.txt,pg-les_miserables.txt,pg-moby_dick.txt,pg-sherlock_holmes.txt,pg-tale_of_two_cities.txt,pg-tom_sawyer.txt,pg-ulysses.txt,pg-war_and_peace.txt
> yes: 15 pg-being_ernest.txt,pg-dorian_gray.txt,pg-dracula.txt,pg-emma.txt,pg-great_expectations.txt,pg-grimm.txt,pg-huckleberry_finn.txt,pg-les_miserables.txt,pg-metamorphosis.txt,pg-moby_dick.txt,pg-sherlock_holmes.txt,pg-tale_of_two_cities.txt,pg-tom_sawyer.txt,pg-ulysses.txt,pg-war_and_peace.txt
> younger: 15 pg-being_ernest.txt,pg-dorian_gray.txt,pg-dracula.txt,pg-emma.txt,pg-frankenstein.txt,pg-great_expectations.txt,pg-grimm.txt,pg-huckleberry_finn.txt,pg-les_miserables.txt,pg-moby_dick.txt,pg-sherlock_holmes.txt,pg-tale_of_two_cities.txt,pg-tom_sawyer.txt,pg-ulysses.txt,pg-war_and_peace.txt
> yours: 15 pg-being_ernest.txt,pg-dorian_gray.txt,pg-dracula.txt,pg-emma.txt,pg-frankenstein.txt,pg-great_expectations.txt,pg-grimm.txt,pg-huckleberry_finn.txt,pg-les_miserables.txt,pg-moby_dick.txt,pg-sherlock_holmes.txt,pg-tale_of_two_cities.txt,pg-tom_sawyer.txt,pg-ulysses.txt,pg-war_and_peace.txt
